2026-05-12 06:49:01.723 INFO  [] c.e.n.NagoyameshiApplication "Starting NagoyameshiApplication using Java 21.0.8 with PID 12568 (C:\pleiades\2025-09\workspace\spring_boot\nagoyameshi\target\classes started by Mizuho Takeuchi in C:\pleiades\2025-09\workspace\spring_boot\nagoyameshi)"
2026-05-12 06:49:01.739 INFO  [] c.e.n.NagoyameshiApplication "No active profile set, falling back to 1 default profile: "default""
2026-05-12 06:49:02.019 INFO  [] o.s.b.d.e.DevToolsPropertyDefaultsPostProcessor "Devtools property defaults active! Set 'spring.devtools.add-properties' to 'false' to disable"
2026-05-12 06:49:02.022 INFO  [] o.s.b.d.e.DevToolsPropertyDefaultsPostProcessor "For additional web related logging consider setting the 'logging.level.web' property to 'DEBUG'"
2026-05-12 06:49:09.382 INFO  [] o.s.d.r.c.RepositoryConfigurationDelegate "Bootstrapping Spring Data JPA repositories in DEFAULT mode."
2026-05-12 06:49:09.912 INFO  [] o.s.d.r.c.RepositoryConfigurationDelegate "Finished Spring Data repository scanning in 475 ms. Found 13 JPA repository interfaces."
2026-05-12 06:49:13.843 INFO  [] o.s.boot.tomcat.TomcatWebServer "Tomcat initialized with port 8080 (http)"
2026-05-12 06:49:13.935 INFO  [] o.a.catalina.core.StandardService "Starting service [Tomcat]"
2026-05-12 06:49:13.937 INFO  [] o.a.catalina.core.StandardEngine "Starting Servlet engine: [Apache Tomcat/11.0.18]"
2026-05-12 06:49:14.201 INFO  [] o.s.b.w.c.s.WebApplicationContextInitializer "Root WebApplicationContext: initialization completed in 12175 ms"
2026-05-12 06:49:15.342 INFO  [] com.zaxxer.hikari.HikariDataSource "HikariPool-1 - Starting..."
2026-05-12 06:49:16.778 INFO  [] com.zaxxer.hikari.pool.HikariPool "HikariPool-1 - Added connection com.mysql.cj.jdbc.ConnectionImpl@28ddc15"
2026-05-12 06:49:16.794 INFO  [] com.zaxxer.hikari.HikariDataSource "HikariPool-1 - Start completed."
2026-05-12 06:49:18.777 INFO  [] org.hibernate.orm.jpa "HHH008540: Processing PersistenceUnitInfo [name: default]"
2026-05-12 06:49:19.228 INFO  [] org.hibernate.orm.core "HHH000001: Hibernate ORM core version 7.2.4.Final"
2026-05-12 06:49:22.349 INFO  [] o.s.o.j.p.SpringPersistenceUnitInfo "No LoadTimeWeaver setup: ignoring JPA class transformer"
2026-05-12 06:49:22.831 WARN  [] org.hibernate.orm.core "HHH000511: The 5.5.5 version for [org.hibernate.dialect.MySQLDialect] is no longer supported, hence certain features may not work properly.The minimum supported version is 8.0.0. Check the community dialects project for available legacy versions."
2026-05-12 06:49:22.943 INFO  [] o.hibernate.orm.connections.pooling "HHH10001005: Database info:
	Database JDBC URL [jdbc:mysql://localhost:3306/springboot_nagoyameshi]
	Database driver: MySQL Connector/J
	Database dialect: MySQLDialect
	Database version: 5.5.5
	Default catalog/schema: springboot_nagoyameshi/undefined
	Autocommit mode: undefined/unknown
	Isolation level: REPEATABLE_READ [default REPEATABLE_READ]
	JDBC fetch size: none
	Pool: DataSourceConnectionProvider
	Minimum pool size: undefined/unknown
	Maximum pool size: undefined/unknown"
2026-05-12 06:49:29.372 INFO  [] org.hibernate.orm.core "HHH000489: No JTA platform available (set 'hibernate.transaction.jta.platform' to enable JTA platform integration)"
2026-05-12 06:49:29.420 INFO  [] o.s.o.j.LocalContainerEntityManagerFactoryBean "Initialized JPA EntityManagerFactory for persistence unit 'default'"
2026-05-12 06:49:30.014 INFO  [] o.s.d.j.r.q.QueryEnhancerFactories "Hibernate is in classpath; If applicable, HQL parser will be used."
2026-05-12 06:49:41.427 WARN  [] o.s.b.j.a.JpaBaseConfiguration$JpaWebConfiguration "spring.jpa.open-in-view is enabled by default. Therefore, database queries may be performed during view rendering. Explicitly configure spring.jpa.open-in-view to disable this warning"
2026-05-12 06:49:42.261 INFO  [] o.s.s.c.a.a.c.InitializeUserDetailsBeanManagerConfigurer$InitializeUserDetailsManagerConfigurer "Global AuthenticationManager configured with UserDetailsService bean with name userDetailsServiceImpl"
2026-05-12 06:49:44.370 INFO  [] o.s.b.w.a.WelcomePageHandlerMapping "Adding welcome page template: index"
2026-05-12 06:49:47.944 INFO  [] o.s.boot.tomcat.TomcatWebServer "Tomcat started on port 8080 (http) with context path '/'"
2026-05-12 06:49:48.053 INFO  [] c.e.n.NagoyameshiApplication "Started NagoyameshiApplication in 49.581 seconds (process running for 83.851)"
2026-05-12 06:49:48.572 INFO  [] o.a.c.c.C.[Tomcat].[localhost].[/] "Initializing Spring DispatcherServlet 'dispatcherServlet'"
2026-05-12 06:49:48.575 INFO  [] o.s.web.servlet.DispatcherServlet "Initializing Servlet 'dispatcherServlet'"
2026-05-12 06:49:48.588 INFO  [] o.s.web.servlet.DispatcherServlet "Completed initialization in 11 ms"
2026-05-12 06:50:47.763 INFO  [] c.e.n.security.WebSecurityConfig "Login failed: reason=ユーザ名かパスワードが正しくありません"
2026-05-12 06:51:20.494 INFO  [] c.e.n.security.WebSecurityConfig "Login failed: reason=ユーザ名かパスワードが正しくありません"
2026-05-12 06:52:04.876 INFO  [] c.e.n.NagoyameshiApplication "Starting NagoyameshiApplication using Java 21.0.8 with PID 7756 (C:\pleiades\2025-09\workspace\spring_boot\nagoyameshi\target\classes started by Mizuho Takeuchi in C:\pleiades\2025-09\workspace\spring_boot\nagoyameshi)"
2026-05-12 06:52:04.909 INFO  [] c.e.n.NagoyameshiApplication "No active profile set, falling back to 1 default profile: "default""
2026-05-12 06:52:05.808 INFO  [] o.s.b.d.e.DevToolsPropertyDefaultsPostProcessor "Devtools property defaults active! Set 'spring.devtools.add-properties' to 'false' to disable"
2026-05-12 06:52:05.809 INFO  [] o.s.b.d.e.DevToolsPropertyDefaultsPostProcessor "For additional web related logging consider setting the 'logging.level.web' property to 'DEBUG'"
2026-05-12 06:52:12.037 INFO  [] o.s.d.r.c.RepositoryConfigurationDelegate "Bootstrapping Spring Data JPA repositories in DEFAULT mode."
2026-05-12 06:52:12.428 INFO  [] o.s.d.r.c.RepositoryConfigurationDelegate "Finished Spring Data repository scanning in 345 ms. Found 13 JPA repository interfaces."
2026-05-12 06:52:17.668 INFO  [] o.s.boot.tomcat.TomcatWebServer "Tomcat initialized with port 8080 (http)"
2026-05-12 06:52:17.785 INFO  [] o.a.catalina.core.StandardService "Starting service [Tomcat]"
2026-05-12 06:52:17.787 INFO  [] o.a.catalina.core.StandardEngine "Starting Servlet engine: [Apache Tomcat/11.0.18]"
2026-05-12 06:52:18.186 INFO  [] o.s.b.w.c.s.WebApplicationContextInitializer "Root WebApplicationContext: initialization completed in 12373 ms"
2026-05-12 06:52:19.361 INFO  [] com.zaxxer.hikari.HikariDataSource "HikariPool-1 - Starting..."
2026-05-12 06:52:20.336 INFO  [] com.zaxxer.hikari.pool.HikariPool "HikariPool-1 - Added connection com.mysql.cj.jdbc.ConnectionImpl@6e8f6825"
2026-05-12 06:52:20.348 INFO  [] com.zaxxer.hikari.HikariDataSource "HikariPool-1 - Start completed."
2026-05-12 06:52:21.097 INFO  [] org.hibernate.orm.jpa "HHH008540: Processing PersistenceUnitInfo [name: default]"
2026-05-12 06:52:21.977 INFO  [] org.hibernate.orm.core "HHH000001: Hibernate ORM core version 7.2.4.Final"
2026-05-12 06:52:25.848 INFO  [] o.s.o.j.p.SpringPersistenceUnitInfo "No LoadTimeWeaver setup: ignoring JPA class transformer"
2026-05-12 06:52:26.234 WARN  [] org.hibernate.orm.core "HHH000511: The 5.5.5 version for [org.hibernate.dialect.MySQLDialect] is no longer supported, hence certain features may not work properly.The minimum supported version is 8.0.0. Check the community dialects project for available legacy versions."
2026-05-12 06:52:26.318 INFO  [] o.hibernate.orm.connections.pooling "HHH10001005: Database info:
	Database JDBC URL [jdbc:mysql://localhost:3306/springboot_nagoyameshi]
	Database driver: MySQL Connector/J
	Database dialect: MySQLDialect
	Database version: 5.5.5
	Default catalog/schema: springboot_nagoyameshi/undefined
	Autocommit mode: undefined/unknown
	Isolation level: REPEATABLE_READ [default REPEATABLE_READ]
	JDBC fetch size: none
	Pool: DataSourceConnectionProvider
	Minimum pool size: undefined/unknown
	Maximum pool size: undefined/unknown"
2026-05-12 06:52:32.792 INFO  [] org.hibernate.orm.core "HHH000489: No JTA platform available (set 'hibernate.transaction.jta.platform' to enable JTA platform integration)"
2026-05-12 06:52:32.830 INFO  [] o.s.o.j.LocalContainerEntityManagerFactoryBean "Initialized JPA EntityManagerFactory for persistence unit 'default'"
2026-05-12 06:52:33.300 INFO  [] o.s.d.j.r.q.QueryEnhancerFactories "Hibernate is in classpath; If applicable, HQL parser will be used."
2026-05-12 06:52:45.427 WARN  [] o.s.b.j.a.JpaBaseConfiguration$JpaWebConfiguration "spring.jpa.open-in-view is enabled by default. Therefore, database queries may be performed during view rendering. Explicitly configure spring.jpa.open-in-view to disable this warning"
2026-05-12 06:52:46.063 INFO  [] o.s.s.c.a.a.c.InitializeUserDetailsBeanManagerConfigurer$InitializeUserDetailsManagerConfigurer "Global AuthenticationManager configured with UserDetailsService bean with name userDetailsServiceImpl"
2026-05-12 06:52:47.413 INFO  [] o.s.b.w.a.WelcomePageHandlerMapping "Adding welcome page template: index"
2026-05-12 06:52:50.153 INFO  [] o.s.boot.tomcat.TomcatWebServer "Tomcat started on port 8080 (http) with context path '/'"
2026-05-12 06:52:50.184 INFO  [] c.e.n.NagoyameshiApplication "Started NagoyameshiApplication in 50.926 seconds (process running for 56.843)"
2026-05-12 06:52:57.425 INFO  [] o.a.c.c.C.[Tomcat].[localhost].[/] "Initializing Spring DispatcherServlet 'dispatcherServlet'"
2026-05-12 06:52:57.426 INFO  [] o.s.web.servlet.DispatcherServlet "Initializing Servlet 'dispatcherServlet'"
2026-05-12 06:52:57.433 INFO  [] o.s.web.servlet.DispatcherServlet "Completed initialization in 5 ms"
2026-05-12 06:53:12.077 INFO  [] c.e.n.security.WebSecurityConfig "Login successful: user=taro.samurai@example.com"
2026-05-12 06:53:15.818 INFO  [1] c.e.n.controller.HomeController "A user accessed the toppage."
2026-05-12 06:53:26.191 INFO  [] c.e.n.security.WebSecurityConfig "Logout successful: user=taro.samurai@example.com"
2026-05-12 06:53:28.433 INFO  [guest] c.e.n.controller.HomeController "A user accessed the toppage."
2026-05-12 06:54:08.931 INFO  [] o.s.b.a.SpringApplicationAdminMXBeanRegistrar$SpringApplicationAdmin "Application shutdown requested."
2026-05-12 06:54:08.956 INFO  [] o.s.boot.tomcat.GracefulShutdown "Commencing graceful shutdown. Waiting for active requests to complete"
2026-05-12 06:54:09.063 INFO  [] o.s.boot.tomcat.GracefulShutdown "Graceful shutdown complete"
2026-05-12 06:54:09.480 INFO  [] o.s.o.j.LocalContainerEntityManagerFactoryBean "Closing JPA EntityManagerFactory for persistence unit 'default'"
2026-05-12 06:54:09.529 INFO  [] com.zaxxer.hikari.HikariDataSource "HikariPool-1 - Shutdown initiated..."
2026-05-12 06:54:09.580 INFO  [] com.zaxxer.hikari.HikariDataSource "HikariPool-1 - Shutdown completed."
2026-05-12 07:01:38.556 INFO  [] c.e.n.NagoyameshiApplication "Starting NagoyameshiApplication using Java 21.0.8 with PID 15544 (C:\pleiades\2025-09\workspace\spring_boot\nagoyameshi\target\classes started by Mizuho Takeuchi in C:\pleiades\2025-09\workspace\spring_boot\nagoyameshi)"
2026-05-12 07:01:38.575 INFO  [] c.e.n.NagoyameshiApplication "No active profile set, falling back to 1 default profile: "default""
2026-05-12 07:01:38.952 INFO  [] o.s.b.d.e.DevToolsPropertyDefaultsPostProcessor "Devtools property defaults active! Set 'spring.devtools.add-properties' to 'false' to disable"
2026-05-12 07:01:38.961 INFO  [] o.s.b.d.e.DevToolsPropertyDefaultsPostProcessor "For additional web related logging consider setting the 'logging.level.web' property to 'DEBUG'"
2026-05-12 07:01:42.639 INFO  [] o.s.d.r.c.RepositoryConfigurationDelegate "Bootstrapping Spring Data JPA repositories in DEFAULT mode."
2026-05-12 07:01:43.028 INFO  [] o.s.d.r.c.RepositoryConfigurationDelegate "Finished Spring Data repository scanning in 347 ms. Found 13 JPA repository interfaces."
2026-05-12 07:01:45.920 INFO  [] o.s.boot.tomcat.TomcatWebServer "Tomcat initialized with port 8080 (http)"
2026-05-12 07:01:46.009 INFO  [] o.a.catalina.core.StandardService "Starting service [Tomcat]"
2026-05-12 07:01:46.010 INFO  [] o.a.catalina.core.StandardEngine "Starting Servlet engine: [Apache Tomcat/11.0.18]"
2026-05-12 07:01:46.225 INFO  [] o.s.b.w.c.s.WebApplicationContextInitializer "Root WebApplicationContext: initialization completed in 7259 ms"
2026-05-12 07:01:46.755 INFO  [] com.zaxxer.hikari.HikariDataSource "HikariPool-1 - Starting..."
2026-05-12 07:01:47.442 INFO  [] com.zaxxer.hikari.pool.HikariPool "HikariPool-1 - Added connection com.mysql.cj.jdbc.ConnectionImpl@7098f852"
2026-05-12 07:01:47.451 INFO  [] com.zaxxer.hikari.HikariDataSource "HikariPool-1 - Start completed."
2026-05-12 07:01:48.204 INFO  [] org.hibernate.orm.jpa "HHH008540: Processing PersistenceUnitInfo [name: default]"
2026-05-12 07:01:48.461 INFO  [] org.hibernate.orm.core "HHH000001: Hibernate ORM core version 7.2.4.Final"
2026-05-12 07:01:50.696 INFO  [] o.s.o.j.p.SpringPersistenceUnitInfo "No LoadTimeWeaver setup: ignoring JPA class transformer"
2026-05-12 07:01:51.043 WARN  [] org.hibernate.orm.core "HHH000511: The 5.5.5 version for [org.hibernate.dialect.MySQLDialect] is no longer supported, hence certain features may not work properly.The minimum supported version is 8.0.0. Check the community dialects project for available legacy versions."
2026-05-12 07:01:51.120 INFO  [] o.hibernate.orm.connections.pooling "HHH10001005: Database info:
	Database JDBC URL [jdbc:mysql://localhost:3306/springboot_nagoyameshi]
	Database driver: MySQL Connector/J
	Database dialect: MySQLDialect
	Database version: 5.5.5
	Default catalog/schema: springboot_nagoyameshi/undefined
	Autocommit mode: undefined/unknown
	Isolation level: REPEATABLE_READ [default REPEATABLE_READ]
	JDBC fetch size: none
	Pool: DataSourceConnectionProvider
	Minimum pool size: undefined/unknown
	Maximum pool size: undefined/unknown"
2026-05-12 07:01:56.305 INFO  [] org.hibernate.orm.core "HHH000489: No JTA platform available (set 'hibernate.transaction.jta.platform' to enable JTA platform integration)"
2026-05-12 07:01:56.345 INFO  [] o.s.o.j.LocalContainerEntityManagerFactoryBean "Initialized JPA EntityManagerFactory for persistence unit 'default'"
2026-05-12 07:01:56.785 INFO  [] o.s.d.j.r.q.QueryEnhancerFactories "Hibernate is in classpath; If applicable, HQL parser will be used."
2026-05-12 07:02:03.211 WARN  [] o.s.b.j.a.JpaBaseConfiguration$JpaWebConfiguration "spring.jpa.open-in-view is enabled by default. Therefore, database queries may be performed during view rendering. Explicitly configure spring.jpa.open-in-view to disable this warning"
2026-05-12 07:02:03.650 INFO  [] o.s.s.c.a.a.c.InitializeUserDetailsBeanManagerConfigurer$InitializeUserDetailsManagerConfigurer "Global AuthenticationManager configured with UserDetailsService bean with name userDetailsServiceImpl"
2026-05-12 07:02:04.823 INFO  [] o.s.b.w.a.WelcomePageHandlerMapping "Adding welcome page template: index"
2026-05-12 07:02:06.768 INFO  [] o.s.boot.tomcat.TomcatWebServer "Tomcat started on port 8080 (http) with context path '/'"
2026-05-12 07:02:06.800 INFO  [] c.e.n.NagoyameshiApplication "Started NagoyameshiApplication in 30.694 seconds (process running for 34.461)"
2026-05-12 07:02:17.070 INFO  [] o.a.c.c.C.[Tomcat].[localhost].[/] "Initializing Spring DispatcherServlet 'dispatcherServlet'"
2026-05-12 07:02:17.071 INFO  [] o.s.web.servlet.DispatcherServlet "Initializing Servlet 'dispatcherServlet'"
2026-05-12 07:02:17.083 INFO  [] o.s.web.servlet.DispatcherServlet "Completed initialization in 9 ms"
2026-05-12 07:04:25.456 INFO  [] o.s.b.d.a.LocalDevToolsAutoConfiguration$RestartingClassPathChangeChangedEventListener "Restarting due to 1 class path change (0 additions, 0 deletions, 1 modification)"
2026-05-12 07:04:25.484 INFO  [] o.s.boot.tomcat.GracefulShutdown "Commencing graceful shutdown. Waiting for active requests to complete"
2026-05-12 07:04:25.516 INFO  [] o.s.boot.tomcat.GracefulShutdown "Graceful shutdown complete"
2026-05-12 07:04:25.557 INFO  [] o.s.o.j.LocalContainerEntityManagerFactoryBean "Closing JPA EntityManagerFactory for persistence unit 'default'"
2026-05-12 07:04:25.579 INFO  [] com.zaxxer.hikari.HikariDataSource "HikariPool-1 - Shutdown initiated..."
2026-05-12 07:04:25.619 INFO  [] com.zaxxer.hikari.HikariDataSource "HikariPool-1 - Shutdown completed."
2026-05-12 07:04:26.332 INFO  [] c.e.n.NagoyameshiApplication "Starting NagoyameshiApplication using Java 21.0.8 with PID 15544 (C:\pleiades\2025-09\workspace\spring_boot\nagoyameshi\target\classes started by Mizuho Takeuchi in C:\pleiades\2025-09\workspace\spring_boot\nagoyameshi)"
2026-05-12 07:04:26.334 INFO  [] c.e.n.NagoyameshiApplication "No active profile set, falling back to 1 default profile: "default""
2026-05-12 07:04:27.469 INFO  [] o.s.d.r.c.RepositoryConfigurationDelegate "Bootstrapping Spring Data JPA repositories in DEFAULT mode."
2026-05-12 07:04:27.668 INFO  [] o.s.d.r.c.RepositoryConfigurationDelegate "Finished Spring Data repository scanning in 191 ms. Found 13 JPA repository interfaces."
2026-05-12 07:04:28.875 INFO  [] o.s.boot.tomcat.TomcatWebServer "Tomcat initialized with port 8080 (http)"
2026-05-12 07:04:28.881 INFO  [] o.a.catalina.core.StandardService "Starting service [Tomcat]"
2026-05-12 07:04:28.887 INFO  [] o.a.catalina.core.StandardEngine "Starting Servlet engine: [Apache Tomcat/11.0.18]"
2026-05-12 07:04:29.188 INFO  [] o.s.b.w.c.s.WebApplicationContextInitializer "Root WebApplicationContext: initialization completed in 2834 ms"
2026-05-12 07:04:29.926 INFO  [] com.zaxxer.hikari.HikariDataSource "HikariPool-2 - Starting..."
2026-05-12 07:04:29.952 INFO  [] com.zaxxer.hikari.pool.HikariPool "HikariPool-2 - Added connection com.mysql.cj.jdbc.ConnectionImpl@521ddf9f"
2026-05-12 07:04:29.954 INFO  [] com.zaxxer.hikari.HikariDataSource "HikariPool-2 - Start completed."
2026-05-12 07:04:30.347 INFO  [] org.hibernate.orm.jpa "HHH008540: Processing PersistenceUnitInfo [name: default]"
2026-05-12 07:04:30.663 INFO  [] o.s.o.j.p.SpringPersistenceUnitInfo "No LoadTimeWeaver setup: ignoring JPA class transformer"
2026-05-12 07:04:30.682 WARN  [] org.hibernate.orm.core "HHH000511: The 5.5.5 version for [org.hibernate.dialect.MySQLDialect] is no longer supported, hence certain features may not work properly.The minimum supported version is 8.0.0. Check the community dialects project for available legacy versions."
2026-05-12 07:04:30.688 INFO  [] o.hibernate.orm.connections.pooling "HHH10001005: Database info:
	Database JDBC URL [jdbc:mysql://localhost:3306/springboot_nagoyameshi]
	Database driver: MySQL Connector/J
	Database dialect: MySQLDialect
	Database version: 5.5.5
	Default catalog/schema: springboot_nagoyameshi/undefined
	Autocommit mode: undefined/unknown
	Isolation level: REPEATABLE_READ [default REPEATABLE_READ]
	JDBC fetch size: none
	Pool: DataSourceConnectionProvider
	Minimum pool size: undefined/unknown
	Maximum pool size: undefined/unknown"
2026-05-12 07:04:32.941 INFO  [] org.hibernate.orm.core "HHH000489: No JTA platform available (set 'hibernate.transaction.jta.platform' to enable JTA platform integration)"
2026-05-12 07:04:32.950 INFO  [] o.s.o.j.LocalContainerEntityManagerFactoryBean "Initialized JPA EntityManagerFactory for persistence unit 'default'"
2026-05-12 07:04:35.395 WARN  [] o.s.b.j.a.JpaBaseConfiguration$JpaWebConfiguration "spring.jpa.open-in-view is enabled by default. Therefore, database queries may be performed during view rendering. Explicitly configure spring.jpa.open-in-view to disable this warning"
2026-05-12 07:04:35.633 INFO  [] o.s.s.c.a.a.c.InitializeUserDetailsBeanManagerConfigurer$InitializeUserDetailsManagerConfigurer "Global AuthenticationManager configured with UserDetailsService bean with name userDetailsServiceImpl"
2026-05-12 07:04:36.457 INFO  [] o.s.b.w.a.WelcomePageHandlerMapping "Adding welcome page template: index"
2026-05-12 07:04:37.870 INFO  [] o.s.boot.tomcat.TomcatWebServer "Tomcat started on port 8080 (http) with context path '/'"
2026-05-12 07:04:37.917 INFO  [] c.e.n.NagoyameshiApplication "Started NagoyameshiApplication in 11.848 seconds (process running for 185.578)"
2026-05-12 07:04:37.931 INFO  [] o.s.b.d.a.ConditionEvaluationDeltaLoggingListener "Condition evaluation unchanged"
2026-05-12 07:04:47.108 INFO  [] o.a.c.c.C.[Tomcat].[localhost].[/] "Initializing Spring DispatcherServlet 'dispatcherServlet'"
2026-05-12 07:04:47.110 INFO  [] o.s.web.servlet.DispatcherServlet "Initializing Servlet 'dispatcherServlet'"
2026-05-12 07:04:47.136 INFO  [] o.s.web.servlet.DispatcherServlet "Completed initialization in 15 ms"
2026-05-12 07:06:28.602 INFO  [] c.e.n.security.WebSecurityConfig "Login failed: reason=ユーザ名かパスワードが正しくありません"
2026-05-12 07:06:39.843 INFO  [] c.e.n.security.WebSecurityConfig "Login successful: user=taro.samurai@example.com"
2026-05-12 07:06:42.969 INFO  [1] c.e.n.controller.HomeController "A user accessed the toppage."
2026-05-12 07:07:12.647 INFO  [] c.e.n.security.WebSecurityConfig "Logout successful: user=taro.samurai@example.com"
2026-05-12 07:07:15.222 INFO  [guest] c.e.n.controller.HomeController "A user accessed the toppage."
2026-05-12 07:09:46.751 INFO  [] o.s.b.a.SpringApplicationAdminMXBeanRegistrar$SpringApplicationAdmin "Application shutdown requested."
2026-05-12 07:09:46.757 INFO  [] o.s.boot.tomcat.GracefulShutdown "Commencing graceful shutdown. Waiting for active requests to complete"
2026-05-12 07:09:46.778 INFO  [] o.s.boot.tomcat.GracefulShutdown "Graceful shutdown complete"
2026-05-12 07:09:46.793 INFO  [] o.s.o.j.LocalContainerEntityManagerFactoryBean "Closing JPA EntityManagerFactory for persistence unit 'default'"
2026-05-12 07:09:46.797 INFO  [] com.zaxxer.hikari.HikariDataSource "HikariPool-2 - Shutdown initiated..."
2026-05-12 07:09:46.807 INFO  [] com.zaxxer.hikari.HikariDataSource "HikariPool-2 - Shutdown completed."
2026-05-12 07:12:15.413 INFO  [] c.e.n.NagoyameshiApplication "Starting NagoyameshiApplication using Java 21.0.8 with PID 6068 (C:\pleiades\2025-09\workspace\spring_boot\nagoyameshi\target\classes started by Mizuho Takeuchi in C:\pleiades\2025-09\workspace\spring_boot\nagoyameshi)"
2026-05-12 07:12:15.430 INFO  [] c.e.n.NagoyameshiApplication "No active profile set, falling back to 1 default profile: "default""
2026-05-12 07:12:15.765 INFO  [] o.s.b.d.e.DevToolsPropertyDefaultsPostProcessor "Devtools property defaults active! Set 'spring.devtools.add-properties' to 'false' to disable"
2026-05-12 07:12:15.769 INFO  [] o.s.b.d.e.DevToolsPropertyDefaultsPostProcessor "For additional web related logging consider setting the 'logging.level.web' property to 'DEBUG'"
2026-05-12 07:12:19.753 INFO  [] o.s.d.r.c.RepositoryConfigurationDelegate "Bootstrapping Spring Data JPA repositories in DEFAULT mode."
2026-05-12 07:12:20.138 INFO  [] o.s.d.r.c.RepositoryConfigurationDelegate "Finished Spring Data repository scanning in 335 ms. Found 13 JPA repository interfaces."
2026-05-12 07:12:23.188 INFO  [] o.s.boot.tomcat.TomcatWebServer "Tomcat initialized with port 8080 (http)"
2026-05-12 07:12:23.254 INFO  [] o.a.catalina.core.StandardService "Starting service [Tomcat]"
2026-05-12 07:12:23.256 INFO  [] o.a.catalina.core.StandardEngine "Starting Servlet engine: [Apache Tomcat/11.0.18]"
2026-05-12 07:12:23.480 INFO  [] o.s.b.w.c.s.WebApplicationContextInitializer "Root WebApplicationContext: initialization completed in 7706 ms"
2026-05-12 07:12:24.157 INFO  [] com.zaxxer.hikari.HikariDataSource "HikariPool-1 - Starting..."
2026-05-12 07:12:24.846 INFO  [] com.zaxxer.hikari.pool.HikariPool "HikariPool-1 - Added connection com.mysql.cj.jdbc.ConnectionImpl@22d341fd"
2026-05-12 07:12:24.857 INFO  [] com.zaxxer.hikari.HikariDataSource "HikariPool-1 - Start completed."
2026-05-12 07:12:25.556 INFO  [] org.hibernate.orm.jpa "HHH008540: Processing PersistenceUnitInfo [name: default]"
2026-05-12 07:12:25.819 INFO  [] org.hibernate.orm.core "HHH000001: Hibernate ORM core version 7.2.4.Final"
2026-05-12 07:12:28.042 INFO  [] o.s.o.j.p.SpringPersistenceUnitInfo "No LoadTimeWeaver setup: ignoring JPA class transformer"
2026-05-12 07:12:28.384 WARN  [] org.hibernate.orm.core "HHH000511: The 5.5.5 version for [org.hibernate.dialect.MySQLDialect] is no longer supported, hence certain features may not work properly.The minimum supported version is 8.0.0. Check the community dialects project for available legacy versions."
2026-05-12 07:12:28.466 INFO  [] o.hibernate.orm.connections.pooling "HHH10001005: Database info:
	Database JDBC URL [jdbc:mysql://localhost:3306/springboot_nagoyameshi]
	Database driver: MySQL Connector/J
	Database dialect: MySQLDialect
	Database version: 5.5.5
	Default catalog/schema: springboot_nagoyameshi/undefined
	Autocommit mode: undefined/unknown
	Isolation level: REPEATABLE_READ [default REPEATABLE_READ]
	JDBC fetch size: none
	Pool: DataSourceConnectionProvider
	Minimum pool size: undefined/unknown
	Maximum pool size: undefined/unknown"
2026-05-12 07:12:33.739 INFO  [] org.hibernate.orm.core "HHH000489: No JTA platform available (set 'hibernate.transaction.jta.platform' to enable JTA platform integration)"
2026-05-12 07:12:33.782 INFO  [] o.s.o.j.LocalContainerEntityManagerFactoryBean "Initialized JPA EntityManagerFactory for persistence unit 'default'"
2026-05-12 07:12:34.230 INFO  [] o.s.d.j.r.q.QueryEnhancerFactories "Hibernate is in classpath; If applicable, HQL parser will be used."
2026-05-12 07:12:40.337 WARN  [] o.s.b.j.a.JpaBaseConfiguration$JpaWebConfiguration "spring.jpa.open-in-view is enabled by default. Therefore, database queries may be performed during view rendering. Explicitly configure spring.jpa.open-in-view to disable this warning"
2026-05-12 07:12:40.737 INFO  [] o.s.s.c.a.a.c.InitializeUserDetailsBeanManagerConfigurer$InitializeUserDetailsManagerConfigurer "Global AuthenticationManager configured with UserDetailsService bean with name userDetailsServiceImpl"
2026-05-12 07:12:41.991 INFO  [] o.s.b.w.a.WelcomePageHandlerMapping "Adding welcome page template: index"
2026-05-12 07:12:43.891 INFO  [] o.s.boot.tomcat.TomcatWebServer "Tomcat started on port 8080 (http) with context path '/'"
2026-05-12 07:12:43.932 INFO  [] c.e.n.NagoyameshiApplication "Started NagoyameshiApplication in 31.129 seconds (process running for 34.912)"
2026-05-12 07:12:53.867 INFO  [] o.a.c.c.C.[Tomcat].[localhost].[/] "Initializing Spring DispatcherServlet 'dispatcherServlet'"
2026-05-12 07:12:53.868 INFO  [] o.s.web.servlet.DispatcherServlet "Initializing Servlet 'dispatcherServlet'"
2026-05-12 07:12:53.876 INFO  [] o.s.web.servlet.DispatcherServlet "Completed initialization in 7 ms"
2026-05-12 07:14:34.816 INFO  [] c.e.n.security.WebSecurityConfig "Login failed: reason=ユーザ名かパスワードが正しくありません"
2026-05-12 07:14:48.697 INFO  [] o.s.b.a.SpringApplicationAdminMXBeanRegistrar$SpringApplicationAdmin "Application shutdown requested."
2026-05-12 07:14:48.711 INFO  [] o.s.boot.tomcat.GracefulShutdown "Commencing graceful shutdown. Waiting for active requests to complete"
2026-05-12 07:14:48.732 INFO  [] o.s.boot.tomcat.GracefulShutdown "Graceful shutdown complete"
2026-05-12 07:14:48.756 INFO  [] o.s.o.j.LocalContainerEntityManagerFactoryBean "Closing JPA EntityManagerFactory for persistence unit 'default'"
2026-05-12 07:14:48.779 INFO  [] com.zaxxer.hikari.HikariDataSource "HikariPool-1 - Shutdown initiated..."
2026-05-12 07:14:48.813 INFO  [] com.zaxxer.hikari.HikariDataSource "HikariPool-1 - Shutdown completed."
